2025-05-11 09:14:22,717 - main - INFO - Uygulama baþlatýlýyor...
2025-05-11 09:14:22,717 - main - INFO - Kamp alaný verileri çekiliyor...
2025-05-11 09:14:23,913 - main - INFO - Toplam 3522 kamp alaný verisi çekildi
2025-05-11 09:14:23,914 - main - INFO - Adres bilgileri çekiliyor...
2025-05-11 09:14:48,811 - main - INFO - Uygulama baþlatýlýyor...
2025-05-11 09:14:48,813 - main - INFO - Kamp alaný verileri çekiliyor...
2025-05-11 09:14:49,882 - main - INFO - Toplam 3522 kamp alaný verisi çekildi
2025-05-11 09:14:49,882 - main - INFO - Adres bilgileri çekiliyor...
2025-05-11 09:14:53,699 - main - INFO - Veriler veritabanýna kaydediliyor...
2025-05-11 09:15:16,300 - main - INFO - Uygulama baþarýyla tamamlandý
2025-05-11 09:24:56,867 - main - INFO - Uygulama baþlatýlýyor...
2025-05-11 09:24:56,869 - main - INFO - Kamp alaný verileri çekiliyor...
2025-05-11 09:24:58,088 - main - INFO - Toplam 3522 kamp alaný verisi çekildi
2025-05-11 09:24:58,091 - main - INFO - Adres bilgileri çekiliyor...
2025-05-11 09:25:02,114 - main - INFO - Veriler veritabanýna kaydediliyor...
2025-05-11 09:25:24,948 - main - INFO - Uygulama baþarýyla tamamlandý
2025-05-11 09:28:48,977 - main - INFO - Uygulama baþlatýlýyor...
2025-05-11 09:28:48,977 - main - INFO - Kamp alaný verileri çekiliyor...
2025-05-11 09:28:50,132 - main - INFO - Toplam 3522 kamp alaný verisi çekildi
2025-05-11 09:28:50,133 - main - INFO - Adres bilgileri çekiliyor...
2025-05-11 09:28:54,006 - main - INFO - Veriler veritabanýna kaydediliyor...
2025-05-11 09:29:16,103 - main - INFO - Uygulama baþarýyla tamamlandý
2025-05-11 09:41:20,175 - main - INFO - Uygulama baþlatýlýyor...
2025-05-11 09:41:20,175 - main - INFO - Kamp alaný verileri çekiliyor...
2025-05-11 09:41:21,607 - main - INFO - Toplam 3522 kamp alaný verisi çekildi
2025-05-11 09:41:21,608 - main - INFO - Adres bilgileri çekiliyor...
2025-05-11 09:41:39,174 - main - INFO - Uygulama baþlatýlýyor...
2025-05-11 09:41:39,190 - main - INFO - Kamp alaný verileri çekiliyor...
2025-05-11 09:41:40,683 - main - INFO - Toplam 3522 kamp alaný verisi çekildi
2025-05-11 09:41:40,694 - main - INFO - Adres bilgileri çekiliyor...
2025-05-11 09:41:41,980 - main - INFO - Veriler veritabanýna kaydediliyor...
2025-05-11 09:42:04,258 - main - INFO - Uygulama baþarýyla tamamlandý
